This is pdfTeX, Version 3.141592653-2.6-1.40.23 (TeX Live 2021/W32TeX) (preloaded format=pdflatex 2022.2.18)  14 FEB 2023 00:14
entering extended mode
 restricted \write18 enabled.
 %&-line parsing enabled.
**D:/R-Projects/teaching/ACTL30007/ACTL30007-ACTL90020-2023/static/output/22-GI
M-M7-lec.tex

(d:/R-Projects/teaching/ACTL30007/ACTL30007-ACTL90020-2023/static/output/22-GIM
-M7-lec.tex
LaTeX2e <2021-11-15> patch level 1
L3 programming layer <2022-02-05> (c:/Users/yunwa/AppData/Roaming/TinyTeX/texmf
-dist/tex/latex/beamer/beamer.cls
Document Class: beamer 2022/02/08 v3.66 A class for typesetting presentations

(c:/Users/yunwa/AppData/Roaming/TinyTeX/texmf-dist/tex/latex/beamer/beamerbasem
odes.sty
(c:/Users/yunwa/AppData/Roaming/TinyTeX/texmf-dist/tex/latex/etoolbox/etoolbox.
sty
Package: etoolbox 2020/10/05 v2.5k e-TeX tools for LaTeX (JAW)
\etb@tempcnta=\count185
)
\beamer@tempbox=\box50
\beamer@tempcount=\count186
\c@beamerpauses=\count187

(c:/Users/yunwa/AppData/Roaming/TinyTeX/texmf-dist/tex/latex/beamer/beamerbased
ecode.sty
\beamer@slideinframe=\count188
\beamer@minimum=\count189
\beamer@decode@box=\box51
)
\beamer@commentbox=\box52
\beamer@modecount=\count190
) (c:/Users/yunwa/AppData/Roaming/TinyTeX/texmf-dist/tex/generic/iftex/iftex.st
y
Package: iftex 2022/02/03 v1.0f TeX engine tests
)
\headdp=\dimen138
\footheight=\dimen139
\sidebarheight=\dimen140
\beamer@tempdim=\dimen141
\beamer@finalheight=\dimen142
\beamer@animht=\dimen143
\beamer@animdp=\dimen144
\beamer@animwd=\dimen145
\beamer@leftmargin=\dimen146
\beamer@rightmargin=\dimen147
\beamer@leftsidebar=\dimen148
\beamer@rightsidebar=\dimen149
\beamer@boxsize=\dimen150
\beamer@vboxoffset=\dimen151
\beamer@descdefault=\dimen152
\beamer@descriptionwidth=\dimen153
\beamer@lastskip=\skip47
\beamer@areabox=\box53
\beamer@animcurrent=\box54
\beamer@animshowbox=\box55
\beamer@sectionbox=\box56
\beamer@logobox=\box57
\beamer@linebox=\box58
\beamer@sectioncount=\count191
\beamer@subsubsectionmax=\count192
\beamer@subsectionmax=\count193
\beamer@sectionmax=\count194
\beamer@totalheads=\count195
\beamer@headcounter=\count196
\beamer@partstartpage=\count197
\beamer@sectionstartpage=\count198
\beamer@subsectionstartpage=\count199
\beamer@animationtempa=\count266
\beamer@animationtempb=\count267
\beamer@xpos=\count268
\beamer@ypos=\count269
\beamer@ypos@offset=\count270
\beamer@showpartnumber=\count271
\beamer@currentsubsection=\count272
\beamer@coveringdepth=\count273
\beamer@sectionadjust=\count274
\beamer@toclastsection=\count275
\beamer@tocsectionnumber=\count276

(c:/Users/yunwa/AppData/Roaming/TinyTeX/texmf-dist/tex/latex/beamer/beamerbaseo
ptions.sty
(c:/Users/yunwa/AppData/Roaming/TinyTeX/texmf-dist/tex/latex/graphics/keyval.st
y
Package: keyval 2014/10/28 v1.15 key=value parser (DPC)
\KV@toks@=\toks16
))
\beamer@paperwidth=\skip48
\beamer@paperheight=\skip49

(c:/Users/yunwa/AppData/Roaming/TinyTeX/texmf-dist/tex/latex/geometry/geometry.
sty
Package: geometry 2020/01/02 v5.9 Page Geometry

(c:/Users/yunwa/AppData/Roaming/TinyTeX/texmf-dist/tex/generic/iftex/ifvtex.sty
Package: ifvtex 2019/10/25 v1.7 ifvtex legacy package. Use iftex instead.
)
\Gm@cnth=\count277
\Gm@cntv=\count278
\c@Gm@tempcnt=\count279
\Gm@bindingoffset=\dimen154
\Gm@wd@mp=\dimen155
\Gm@odd@mp=\dimen156
\Gm@even@mp=\dimen157
\Gm@layoutwidth=\dimen158
\Gm@layoutheight=\dimen159
\Gm@layouthoffset=\dimen160
\Gm@layoutvoffset=\dimen161
\Gm@dimlist=\toks17
)
(c:/Users/yunwa/AppData/Roaming/TinyTeX/texmf-dist/tex/latex/pgf/math/pgfmath.s
ty
(c:/Users/yunwa/AppData/Roaming/TinyTeX/texmf-dist/tex/latex/pgf/utilities/pgfr
cs.sty
(c:/Users/yunwa/AppData/Roaming/TinyTeX/texmf-dist/tex/generic/pgf/utilities/pg
futil-common.tex
\pgfutil@everybye=\toks18
\pgfutil@tempdima=\dimen162
\pgfutil@tempdimb=\dimen163

(c:/Users/yunwa/AppData/Roaming/TinyTeX/texmf-dist/tex/generic/pgf/utilities/pg
futil-common-lists.tex))
(c:/Users/yunwa/AppData/Roaming/TinyTeX/texmf-dist/tex/generic/pgf/utilities/pg
futil-latex.def
\pgfutil@abb=\box59
)
(c:/Users/yunwa/AppData/Roaming/TinyTeX/texmf-dist/tex/generic/pgf/utilities/pg
frcs.code.tex
(c:/Users/yunwa/AppData/Roaming/TinyTeX/texmf-dist/tex/generic/pgf/pgf.revision
.tex)
Package: pgfrcs 2021/05/15 v3.1.9a (3.1.9a)
))
(c:/Users/yunwa/AppData/Roaming/TinyTeX/texmf-dist/tex/latex/pgf/utilities/pgfk
eys.sty
(c:/Users/yunwa/AppData/Roaming/TinyTeX/texmf-dist/tex/generic/pgf/utilities/pg
fkeys.code.tex
\pgfkeys@pathtoks=\toks19
\pgfkeys@temptoks=\toks20

(c:/Users/yunwa/AppData/Roaming/TinyTeX/texmf-dist/tex/generic/pgf/utilities/pg
fkeysfiltered.code.tex
\pgfkeys@tmptoks=\toks21
)))
(c:/Users/yunwa/AppData/Roaming/TinyTeX/texmf-dist/tex/generic/pgf/math/pgfmath
.code.tex
(c:/Users/yunwa/AppData/Roaming/TinyTeX/texmf-dist/tex/generic/pgf/math/pgfmath
calc.code.tex
(c:/Users/yunwa/AppData/Roaming/TinyTeX/texmf-dist/tex/generic/pgf/math/pgfmath
util.code.tex
\pgf@x=\dimen164
\pgf@xa=\dimen165
\pgf@xb=\dimen166
\pgf@xc=\dimen167
\pgf@y=\dimen168
\pgf@ya=\dimen169
\pgf@yb=\dimen170
\pgf@yc=\dimen171
\c@pgf@counta=\count280
\c@pgf@countb=\count281
\c@pgf@countc=\count282
\c@pgf@countd=\count283
)
(c:/Users/yunwa/AppData/Roaming/TinyTeX/texmf-dist/tex/generic/pgf/math/pgfmath
parser.code.tex
\pgfmath@dimen=\dimen172
\pgfmath@count=\count284
\pgfmath@box=\box60
\pgfmath@toks=\toks22
\pgfmath@stack@operand=\toks23
\pgfmath@stack@operation=\toks24
)
(c:/Users/yunwa/AppData/Roaming/TinyTeX/texmf-dist/tex/generic/pgf/math/pgfmath
functions.code.tex
(c:/Users/yunwa/AppData/Roaming/TinyTeX/texmf-dist/tex/generic/pgf/math/pgfmath
functions.basic.code.tex)
(c:/Users/yunwa/AppData/Roaming/TinyTeX/texmf-dist/tex/generic/pgf/math/pgfmath
functions.trigonometric.code.tex)
(c:/Users/yunwa/AppData/Roaming/TinyTeX/texmf-dist/tex/generic/pgf/math/pgfmath
functions.random.code.tex)
(c:/Users/yunwa/AppData/Roaming/TinyTeX/texmf-dist/tex/generic/pgf/math/pgfmath
functions.comparison.code.tex)
(c:/Users/yunwa/AppData/Roaming/TinyTeX/texmf-dist/tex/generic/pgf/math/pgfmath
functions.base.code.tex)
(c:/Users/yunwa/AppData/Roaming/TinyTeX/texmf-dist/tex/generic/pgf/math/pgfmath
functions.round.code.tex)
(c:/Users/yunwa/AppData/Roaming/TinyTeX/texmf-dist/tex/generic/pgf/math/pgfmath
functions.misc.code.tex)
(c:/Users/yunwa/AppData/Roaming/TinyTeX/texmf-dist/tex/generic/pgf/math/pgfmath
functions.integerarithmetics.code.tex)))
(c:/Users/yunwa/AppData/Roaming/TinyTeX/texmf-dist/tex/generic/pgf/math/pgfmath
float.code.tex
\c@pgfmathroundto@lastzeros=\count285
))) (c:/Users/yunwa/AppData/Roaming/TinyTeX/texmf-dist/tex/latex/base/size11.cl
o
File: size11.clo 2021/10/04 v1.4n Standard LaTeX file (size option)
)
(c:/Users/yunwa/AppData/Roaming/TinyTeX/texmf-dist/tex/latex/pgf/basiclayer/pgf
core.sty
(c:/Users/yunwa/AppData/Roaming/TinyTeX/texmf-dist/tex/latex/graphics/graphicx.
sty
Package: graphicx 2021/09/16 v1.2d Enhanced LaTeX Graphics (DPC,SPQR)

(c:/Users/yunwa/AppData/Roaming/TinyTeX/texmf-dist/tex/latex/graphics/graphics.
sty
Package: graphics 2021/03/04 v1.4d Standard LaTeX Graphics (DPC,SPQR)
(c:/Users/yunwa/AppData/Roaming/TinyTeX/texmf-dist/tex/latex/graphics/trig.sty
Package: trig 2021/08/11 v1.11 sin cos tan (DPC)
)
(c:/Users/yunwa/AppData/Roaming/TinyTeX/texmf-dist/tex/latex/graphics-cfg/graph
ics.cfg
File: graphics.cfg 2016/06/04 v1.11 sample graphics configuration
)
Package graphics Info: Driver file: pdftex.def on input line 107.

(c:/Users/yunwa/AppData/Roaming/TinyTeX/texmf-dist/tex/latex/graphics-def/pdfte
x.def
File: pdftex.def 2020/10/05 v1.2a Graphics/color driver for pdftex
))
\Gin@req@height=\dimen173
\Gin@req@width=\dimen174
)
(c:/Users/yunwa/AppData/Roaming/TinyTeX/texmf-dist/tex/latex/pgf/systemlayer/pg
fsys.sty
(c:/Users/yunwa/AppData/Roaming/TinyTeX/texmf-dist/tex/generic/pgf/systemlayer/
pgfsys.code.tex
Package: pgfsys 2021/05/15 v3.1.9a (3.1.9a)

(c:/Users/yunwa/AppData/Roaming/TinyTeX/texmf-dist/tex/generic/pgf/utilities/pg
fkeys.code.tex)
\pgf@x=\dimen175
\pgf@y=\dimen176
\pgf@xa=\dimen177
\pgf@ya=\dimen178
\pgf@xb=\dimen179
\pgf@yb=\dimen180
\pgf@xc=\dimen181
\pgf@yc=\dimen182
\pgf@xd=\dimen183
\pgf@yd=\dimen184
\w@pgf@writea=\write3
\r@pgf@reada=\read2
\c@pgf@counta=\count286
\c@pgf@countb=\count287
\c@pgf@countc=\count288
\c@pgf@countd=\count289
\t@pgf@toka=\toks25
\t@pgf@tokb=\toks26
\t@pgf@tokc=\toks27
\pgf@sys@id@count=\count290

(c:/Users/yunwa/AppData/Roaming/TinyTeX/texmf-dist/tex/generic/pgf/systemlayer/
pgf.cfg
File: pgf.cfg 2021/05/15 v3.1.9a (3.1.9a)
)
Driver file for pgf: pgfsys-pdftex.def

(c:/Users/yunwa/AppData/Roaming/TinyTeX/texmf-dist/tex/generic/pgf/systemlayer/
pgfsys-pdftex.def
File: pgfsys-pdftex.def 2021/05/15 v3.1.9a (3.1.9a)

(c:/Users/yunwa/AppData/Roaming/TinyTeX/texmf-dist/tex/generic/pgf/systemlayer/
pgfsys-common-pdf.def
File: pgfsys-common-pdf.def 2021/05/15 v3.1.9a (3.1.9a)
)))
(c:/Users/yunwa/AppData/Roaming/TinyTeX/texmf-dist/tex/generic/pgf/systemlayer/
pgfsyssoftpath.code.tex
File: pgfsyssoftpath.code.tex 2021/05/15 v3.1.9a (3.1.9a)
\pgfsyssoftpath@smallbuffer@items=\count291
\pgfsyssoftpath@bigbuffer@items=\count292
)
(c:/Users/yunwa/AppData/Roaming/TinyTeX/texmf-dist/tex/generic/pgf/systemlayer/
pgfsysprotocol.code.tex
File: pgfsysprotocol.code.tex 2021/05/15 v3.1.9a (3.1.9a)
)) (c:/Users/yunwa/AppData/Roaming/TinyTeX/texmf-dist/tex/latex/xcolor/xcolor.s
ty
Package: xcolor 2021/10/31 v2.13 LaTeX color extensions (UK)

(c:/Users/yunwa/AppData/Roaming/TinyTeX/texmf-dist/tex/latex/graphics-cfg/color
.cfg
File: color.cfg 2016/01/02 v1.6 sample color configuration
)
Package xcolor Info: Driver file: pdftex.def on input line 227.
Package xcolor Info: Model `cmy' substituted by `cmy0' on input line 1352.
Package xcolor Info: Model `hsb' substituted by `rgb' on input line 1356.
Package xcolor Info: Model `RGB' extended on input line 1368.
Package xcolor Info: Model `HTML' substituted by `rgb' on input line 1370.
Package xcolor Info: Model `Hsb' substituted by `hsb' on input line 1371.
Package xcolor Info: Model `tHsb' substituted by `hsb' on input line 1372.
Package xcolor Info: Model `HSB' substituted by `hsb' on input line 1373.
Package xcolor Info: Model `Gray' substituted by `gray' on input line 1374.
Package xcolor Info: Model `wave' substituted by `hsb' on input line 1375.
)
(c:/Users/yunwa/AppData/Roaming/TinyTeX/texmf-dist/tex/generic/pgf/basiclayer/p
gfcore.code.tex
Package: pgfcore 2021/05/15 v3.1.9a (3.1.9a)

(c:/Users/yunwa/AppData/Roaming/TinyTeX/texmf-dist/tex/generic/pgf/math/pgfmath
.code.tex)
(c:/Users/yunwa/AppData/Roaming/TinyTeX/texmf-dist/tex/generic/pgf/math/pgfint.
code.tex)
(c:/Users/yunwa/AppData/Roaming/TinyTeX/texmf-dist/tex/generic/pgf/basiclayer/p
gfcorepoints.code.tex
File: pgfcorepoints.code.tex 2021/05/15 v3.1.9a (3.1.9a)
\pgf@picminx=\dimen185
\pgf@picmaxx=\dimen186
\pgf@picminy=\dimen187
\pgf@picmaxy=\dimen188
\pgf@pathminx=\dimen189
\pgf@pathmaxx=\dimen190
\pgf@pathminy=\dimen191
\pgf@pathmaxy=\dimen192
\pgf@xx=\dimen193
\pgf@xy=\dimen194
\pgf@yx=\dimen195
\pgf@yy=\dimen196
\pgf@zx=\dimen197
\pgf@zy=\dimen198
)
(c:/Users/yunwa/AppData/Roaming/TinyTeX/texmf-dist/tex/generic/pgf/basiclayer/p
gfcorepathconstruct.code.tex
File: pgfcorepathconstruct.code.tex 2021/05/15 v3.1.9a (3.1.9a)
\pgf@path@lastx=\dimen199
\pgf@path@lasty=\dimen256
)
(c:/Users/yunwa/AppData/Roaming/TinyTeX/texmf-dist/tex/generic/pgf/basiclayer/p
gfcorepathusage.code.tex
File: pgfcorepathusage.code.tex 2021/05/15 v3.1.9a (3.1.9a)
\pgf@shorten@end@additional=\dimen257
\pgf@shorten@start@additional=\dimen258
)
(c:/Users/yunwa/AppData/Roaming/TinyTeX/texmf-dist/tex/generic/pgf/basiclayer/p
gfcorescopes.code.tex
File: pgfcorescopes.code.tex 2021/05/15 v3.1.9a (3.1.9a)
\pgfpic=\box61
\pgf@hbox=\box62
\pgf@layerbox@main=\box63
\pgf@picture@serial@count=\count293
)
(c:/Users/yunwa/AppData/Roaming/TinyTeX/texmf-dist/tex/generic/pgf/basiclayer/p
gfcoregraphicstate.code.tex
File: pgfcoregraphicstate.code.tex 2021/05/15 v3.1.9a (3.1.9a)
\pgflinewidth=\dimen259
)
(c:/Users/yunwa/AppData/Roaming/TinyTeX/texmf-dist/tex/generic/pgf/basiclayer/p
gfcoretransformations.code.tex
File: pgfcoretransformations.code.tex 2021/05/15 v3.1.9a (3.1.9a)
\pgf@pt@x=\dimen260
\pgf@pt@y=\dimen261
\pgf@pt@temp=\dimen262
)
(c:/Users/yunwa/AppData/Roaming/TinyTeX/texmf-dist/tex/generic/pgf/basiclayer/p
gfcorequick.code.tex
File: pgfcorequick.code.tex 2021/05/15 v3.1.9a (3.1.9a)
)
(c:/Users/yunwa/AppData/Roaming/TinyTeX/texmf-dist/tex/generic/pgf/basiclayer/p
gfcoreobjects.code.tex
File: pgfcoreobjects.code.tex 2021/05/15 v3.1.9a (3.1.9a)
)
(c:/Users/yunwa/AppData/Roaming/TinyTeX/texmf-dist/tex/generic/pgf/basiclayer/p
gfcorepathprocessing.code.tex
File: pgfcorepathprocessing.code.tex 2021/05/15 v3.1.9a (3.1.9a)
)
(c:/Users/yunwa/AppData/Roaming/TinyTeX/texmf-dist/tex/generic/pgf/basiclayer/p
gfcorearrows.code.tex
File: pgfcorearrows.code.tex 2021/05/15 v3.1.9a (3.1.9a)
\pgfarrowsep=\dimen263
)
(c:/Users/yunwa/AppData/Roaming/TinyTeX/texmf-dist/tex/generic/pgf/basiclayer/p
gfcoreshade.code.tex
File: pgfcoreshade.code.tex 2021/05/15 v3.1.9a (3.1.9a)
\pgf@max=\dimen264
\pgf@sys@shading@range@num=\count294
\pgf@shadingcount=\count295
)
(c:/Users/yunwa/AppData/Roaming/TinyTeX/texmf-dist/tex/generic/pgf/basiclayer/p
gfcoreimage.code.tex
File: pgfcoreimage.code.tex 2021/05/15 v3.1.9a (3.1.9a)

(c:/Users/yunwa/AppData/Roaming/TinyTeX/texmf-dist/tex/generic/pgf/basiclayer/p
gfcoreexternal.code.tex
File: pgfcoreexternal.code.tex 2021/05/15 v3.1.9a (3.1.9a)
\pgfexternal@startupbox=\box64
))
(c:/Users/yunwa/AppData/Roaming/TinyTeX/texmf-dist/tex/generic/pgf/basiclayer/p
gfcorelayers.code.tex
File: pgfcorelayers.code.tex 2021/05/15 v3.1.9a (3.1.9a)
)
(c:/Users/yunwa/AppData/Roaming/TinyTeX/texmf-dist/tex/generic/pgf/basiclayer/p
gfcoretransparency.code.tex
File: pgfcoretransparency.code.tex 2021/05/15 v3.1.9a (3.1.9a)
)
(c:/Users/yunwa/AppData/Roaming/TinyTeX/texmf-dist/tex/generic/pgf/basiclayer/p
gfcorepatterns.code.tex
File: pgfcorepatterns.code.tex 2021/05/15 v3.1.9a (3.1.9a)
)
(c:/Users/yunwa/AppData/Roaming/TinyTeX/texmf-dist/tex/generic/pgf/basiclayer/p
gfcorerdf.code.tex
File: pgfcorerdf.code.tex 2021/05/15 v3.1.9a (3.1.9a)
)))
(c:/Users/yunwa/AppData/Roaming/TinyTeX/texmf-dist/tex/latex/pgf/utilities/xxco
lor.sty
Package: xxcolor 2003/10/24 ver 0.1
\XC@nummixins=\count296
\XC@countmixins=\count297
)
(c:/Users/yunwa/AppData/Roaming/TinyTeX/texmf-dist/tex/latex/base/atbegshi-ltx.
sty
Package: atbegshi-ltx 2021/01/10 v1.0c Emulation of the original atbegshi
package with kernel methods
)
(c:/Users/yunwa/AppData/Roaming/TinyTeX/texmf-dist/tex/latex/hyperref/hyperref.
sty
Package: hyperref 2021-06-07 v7.00m Hypertext links for LaTeX

(c:/Users/yunwa/AppData/Roaming/TinyTeX/texmf-dist/tex/generic/ltxcmds/ltxcmds.
sty
Package: ltxcmds 2020-05-10 v1.25 LaTeX kernel commands for general use (HO)
)
(c:/Users/yunwa/AppData/Roaming/TinyTeX/texmf-dist/tex/generic/pdftexcmds/pdfte
xcmds.sty
Package: pdftexcmds 2020-06-27 v0.33 Utility functions of pdfTeX for LuaTeX (HO
)

(c:/Users/yunwa/AppData/Roaming/TinyTeX/texmf-dist/tex/generic/infwarerr/infwar
err.sty
Package: infwarerr 2019/12/03 v1.5 Providing info/warning/error messages (HO)
)
Package pdftexcmds Info: \pdf@primitive is available.
Package pdftexcmds Info: \pdf@ifprimitive is available.
Package pdftexcmds Info: \pdfdraftmode found.
)
(c:/Users/yunwa/AppData/Roaming/TinyTeX/texmf-dist/tex/generic/kvsetkeys/kvsetk
eys.sty
Package: kvsetkeys 2019/12/15 v1.18 Key value parser (HO)
)
(c:/Users/yunwa/AppData/Roaming/TinyTeX/texmf-dist/tex/generic/kvdefinekeys/kvd
efinekeys.sty
Package: kvdefinekeys 2019-12-19 v1.6 Define keys (HO)
)
(c:/Users/yunwa/AppData/Roaming/TinyTeX/texmf-dist/tex/generic/pdfescape/pdfesc
ape.sty
Package: pdfescape 2019/12/09 v1.15 Implements pdfTeX's escape features (HO)
)
(c:/Users/yunwa/AppData/Roaming/TinyTeX/texmf-dist/tex/latex/hycolor/hycolor.st
y
Package: hycolor 2020-01-27 v1.10 Color options for hyperref/bookmark (HO)
)
(c:/Users/yunwa/AppData/Roaming/TinyTeX/texmf-dist/tex/latex/letltxmacro/letltx
macro.sty
Package: letltxmacro 2019/12/03 v1.6 Let assignment for LaTeX macros (HO)
)
(c:/Users/yunwa/AppData/Roaming/TinyTeX/texmf-dist/tex/latex/auxhook/auxhook.st
y
Package: auxhook 2019-12-17 v1.6 Hooks for auxiliary files (HO)
)
(c:/Users/yunwa/AppData/Roaming/TinyTeX/texmf-dist/tex/latex/kvoptions/kvoption
s.sty
Package: kvoptions 2020-10-07 v3.14 Key value format for package options (HO)
)
\@linkdim=\dimen265
\Hy@linkcounter=\count298
\Hy@pagecounter=\count299

(c:/Users/yunwa/AppData/Roaming/TinyTeX/texmf-dist/tex/latex/hyperref/pd1enc.de
f
File: pd1enc.def 2021-06-07 v7.00m Hyperref: PDFDocEncoding definition (HO)
Now handling font encoding PD1 ...
... no UTF-8 mapping file for font encoding PD1
)
(c:/Users/yunwa/AppData/Roaming/TinyTeX/texmf-dist/tex/latex/hyperref/hyperref-
langpatches.def
File: hyperref-langpatches.def 2021-06-07 v7.00m Hyperref: patches for babel la
nguages
)
(c:/Users/yunwa/AppData/Roaming/TinyTeX/texmf-dist/tex/generic/intcalc/intcalc.
sty
Package: intcalc 2019/12/15 v1.3 Expandable calculations with integers (HO)
)
(c:/Users/yunwa/AppData/Roaming/TinyTeX/texmf-dist/tex/generic/etexcmds/etexcmd
s.sty
Package: etexcmds 2019/12/15 v1.7 Avoid name clashes with e-TeX commands (HO)
)
\Hy@SavedSpaceFactor=\count300

(c:/Users/yunwa/AppData/Roaming/TinyTeX/texmf-dist/tex/latex/hyperref/puenc.def
File: puenc.def 2021-06-07 v7.00m Hyperref: PDF Unicode definition (HO)
Now handling font encoding PU ...
... no UTF-8 mapping file for font encoding PU
)
Package hyperref Info: Option `unicode' set `true' on input line 4073.
Package hyperref Info: Option `bookmarks' set `true' on input line 4073.
Package hyperref Info: Option `bookmarksopen' set `true' on input line 4073.
Package hyperref Info: Option `implicit' set `false' on input line 4073.
Package hyperref Info: Hyper figures OFF on input line 4192.
Package hyperref Info: Link nesting OFF on input line 4197.
Package hyperref Info: Hyper index ON on input line 4200.
Package hyperref Info: Plain pages OFF on input line 4207.
Package hyperref Info: Backreferencing OFF on input line 4212.
Package hyperref Info: Implicit mode OFF; no redefinition of LaTeX internals.
Package hyperref Info: Bookmarks ON on input line 4445.
\c@Hy@tempcnt=\count301
(c:/Users/yunwa/AppData/Roaming/TinyTeX/texmf-dist/tex/latex/url/url.sty
\Urlmuskip=\muskip16
Package: url 2013/09/16  ver 3.4  Verb mode for urls, etc.
)
LaTeX Info: Redefining \url on input line 4804.
\XeTeXLinkMargin=\dimen266

(c:/Users/yunwa/AppData/Roaming/TinyTeX/texmf-dist/tex/generic/bitset/bitset.st
y
Package: bitset 2019/12/09 v1.3 Handle bit-vector datatype (HO)

(c:/Users/yunwa/AppData/Roaming/TinyTeX/texmf-dist/tex/generic/bigintcalc/bigin
tcalc.sty
Package: bigintcalc 2019/12/15 v1.5 Expandable calculations on big integers (HO
)
))
\Fld@menulength=\count302
\Field@Width=\dimen267
\Fld@charsize=\dimen268
Package hyperref Info: Hyper figures OFF on input line 6076.
Package hyperref Info: Link nesting OFF on input line 6081.
Package hyperref Info: Hyper index ON on input line 6084.
Package hyperref Info: backreferencing OFF on input line 6091.
Package hyperref Info: Link coloring OFF on input line 6096.
Package hyperref Info: Link coloring with OCG OFF on input line 6101.
Package hyperref Info: PDF/A mode OFF on input line 6106.
LaTeX Info: Redefining \ref on input line 6146.
LaTeX Info: Redefining \pageref on input line 6150.
\Hy@abspage=\count303

Package hyperref Message: Stopped early.

)
Package hyperref Info: Driver (autodetected): hpdftex.

(c:/Users/yunwa/AppData/Roaming/TinyTeX/texmf-dist/tex/latex/hyperref/hpdftex.d
ef
File: hpdftex.def 2021-06-07 v7.00m Hyperref driver for pdfTeX

(c:/Users/yunwa/AppData/Roaming/TinyTeX/texmf-dist/tex/latex/base/atveryend-ltx
.sty
Package: atveryend-ltx 2020/08/19 v1.0a Emulation of the original atveryend pac
kage
with kernel methods
)
\Fld@listcount=\count304
\c@bookmark@seq@number=\count305

(c:/Users/yunwa/AppData/Roaming/TinyTeX/texmf-dist/tex/latex/rerunfilecheck/rer
unfilecheck.sty
Package: rerunfilecheck 2019/12/05 v1.9 Rerun checks for auxiliary files (HO)

(c:/Users/yunwa/AppData/Roaming/TinyTeX/texmf-dist/tex/generic/uniquecounter/un
iquecounter.sty
Package: uniquecounter 2019/12/15 v1.4 Provide unlimited unique counter (HO)
)
Package uniquecounter Info: New unique counter `rerunfilecheck' on input line 2
86.
))
(c:/Users/yunwa/AppData/Roaming/TinyTeX/texmf-dist/tex/latex/beamer/beamerbaser
equires.sty
(c:/Users/yunwa/AppData/Roaming/TinyTeX/texmf-dist/tex/latex/beamer/beamerbasec
ompatibility.sty)
(c:/Users/yunwa/AppData/Roaming/TinyTeX/texmf-dist/tex/latex/beamer/beamerbasef
ont.sty
(c:/Users/yunwa/AppData/Roaming/TinyTeX/texmf-dist/tex/latex/amsfonts/amssymb.s
ty
Package: amssymb 2013/01/14 v3.01 AMS font symbols

(c:/Users/yunwa/AppData/Roaming/TinyTeX/texmf-dist/tex/latex/amsfonts/amsfonts.
sty
Package: amsfonts 2013/01/14 v3.01 Basic AMSFonts support
\@emptytoks=\toks28
\symAMSa=\mathgroup4
\symAMSb=\mathgroup5
LaTeX Font Info:    Redeclaring math symbol \hbar on input line 98.
LaTeX Font Info:    Overwriting math alphabet `\mathfrak' in version `bold'
(Font)                  U/euf/m/n --> U/euf/b/n on input line 106.
)))
(c:/Users/yunwa/AppData/Roaming/TinyTeX/texmf-dist/tex/latex/beamer/beamerbaset
ranslator.sty
(c:/Users/yunwa/AppData/Roaming/TinyTeX/texmf-dist/tex/latex/translator/transla
tor.sty
Package: translator 2021-05-31 v1.12d Easy translation of strings in LaTeX
))
(c:/Users/yunwa/AppData/Roaming/TinyTeX/texmf-dist/tex/latex/beamer/beamerbasem
isc.sty)
(c:/Users/yunwa/AppData/Roaming/TinyTeX/texmf-dist/tex/latex/beamer/beamerbaset
woscreens.sty)
(c:/Users/yunwa/AppData/Roaming/TinyTeX/texmf-dist/tex/latex/beamer/beamerbaseo
verlay.sty
\beamer@argscount=\count306
\beamer@lastskipcover=\skip50
\beamer@trivlistdepth=\count307
)
(c:/Users/yunwa/AppData/Roaming/TinyTeX/texmf-dist/tex/latex/beamer/beamerbaset
itle.sty)
(c:/Users/yunwa/AppData/Roaming/TinyTeX/texmf-dist/tex/latex/beamer/beamerbases
ection.sty
\c@lecture=\count308
\c@part=\count309
\c@section=\count310
\c@subsection=\count311
\c@subsubsection=\count312
)
(c:/Users/yunwa/AppData/Roaming/TinyTeX/texmf-dist/tex/latex/beamer/beamerbasef
rame.sty
\beamer@framebox=\box65
\beamer@frametitlebox=\box66
\beamer@zoombox=\box67
\beamer@zoomcount=\count313
\beamer@zoomframecount=\count314
\beamer@frametextheight=\dimen269
\c@subsectionslide=\count315
\beamer@frametopskip=\skip51
\beamer@framebottomskip=\skip52
\beamer@frametopskipautobreak=\skip53
\beamer@framebottomskipautobreak=\skip54
\beamer@envbody=\toks29
\framewidth=\dimen270
\c@framenumber=\count316
)
(c:/Users/yunwa/AppData/Roaming/TinyTeX/texmf-dist/tex/latex/beamer/beamerbasev
erbatim.sty
\beamer@verbatimfileout=\write4
)
(c:/Users/yunwa/AppData/Roaming/TinyTeX/texmf-dist/tex/latex/beamer/beamerbasef
ramesize.sty
\beamer@splitbox=\box68
\beamer@autobreakcount=\count317
\beamer@autobreaklastheight=\dimen271
\beamer@frametitletoks=\toks30
\beamer@framesubtitletoks=\toks31
)
(c:/Users/yunwa/AppData/Roaming/TinyTeX/texmf-dist/tex/latex/beamer/beamerbasef
ramecomponents.sty
\beamer@footins=\box69
)
(c:/Users/yunwa/AppData/Roaming/TinyTeX/texmf-dist/tex/latex/beamer/beamerbasec
olor.sty)
(c:/Users/yunwa/AppData/Roaming/TinyTeX/texmf-dist/tex/latex/beamer/beamerbasen
otes.sty
\beamer@frameboxcopy=\box70
)
(c:/Users/yunwa/AppData/Roaming/TinyTeX/texmf-dist/tex/latex/beamer/beamerbaset
oc.sty)
(c:/Users/yunwa/AppData/Roaming/TinyTeX/texmf-dist/tex/latex/beamer/beamerbaset
emplates.sty
\beamer@sbttoks=\toks32

(c:/Users/yunwa/AppData/Roaming/TinyTeX/texmf-dist/tex/latex/beamer/beamerbasea
uxtemplates.sty
(c:/Users/yunwa/AppData/Roaming/TinyTeX/texmf-dist/tex/latex/beamer/beamerbaseb
oxes.sty
\bmb@box=\box71
\bmb@colorbox=\box72
\bmb@boxwidth=\dimen272
\bmb@boxheight=\dimen273
\bmb@prevheight=\dimen274
\bmb@temp=\dimen275
\bmb@dima=\dimen276
\bmb@dimb=\dimen277
\bmb@prevheight=\dimen278
)
\beamer@blockheadheight=\dimen279
))
(c:/Users/yunwa/AppData/Roaming/TinyTeX/texmf-dist/tex/latex/beamer/beamerbasel
ocalstructure.sty
(c:/Users/yunwa/AppData/Roaming/TinyTeX/texmf-dist/tex/latex/tools/enumerate.st
y
Package: enumerate 2015/07/23 v3.00 enumerate extensions (DPC)
\@enLab=\toks33
)
\beamer@bibiconwidth=\skip55
\c@figure=\count318
\c@table=\count319
\abovecaptionskip=\skip56
\belowcaptionskip=\skip57
)
(c:/Users/yunwa/AppData/Roaming/TinyTeX/texmf-dist/tex/latex/beamer/beamerbasen
avigation.sty
\beamer@section@min@dim=\dimen280
)
(c:/Users/yunwa/AppData/Roaming/TinyTeX/texmf-dist/tex/latex/beamer/beamerbaset
heorems.sty
(c:/Users/yunwa/AppData/Roaming/TinyTeX/texmf-dist/tex/latex/amsmath/amsmath.st
y
Package: amsmath 2021/10/15 v2.17l AMS math features
\@mathmargin=\skip58
For additional information on amsmath, use the `?' option.

(c:/Users/yunwa/AppData/Roaming/TinyTeX/texmf-dist/tex/latex/amsmath/amstext.st
y
Package: amstext 2021/08/26 v2.01 AMS text

(c:/Users/yunwa/AppData/Roaming/TinyTeX/texmf-dist/tex/latex/amsmath/amsgen.sty
File: amsgen.sty 1999/11/30 v2.0 generic functions
\@emptytoks=\toks34
\ex@=\dimen281
))
(c:/Users/yunwa/AppData/Roaming/TinyTeX/texmf-dist/tex/latex/amsmath/amsbsy.sty
Package: amsbsy 1999/11/29 v1.2d Bold Symbols
\pmbraise@=\dimen282
)
(c:/Users/yunwa/AppData/Roaming/TinyTeX/texmf-dist/tex/latex/amsmath/amsopn.sty
Package: amsopn 2021/08/26 v2.02 operator names
)
\inf@bad=\count320
LaTeX Info: Redefining \frac on input line 234.
\uproot@=\count321
\leftroot@=\count322
LaTeX Info: Redefining \overline on input line 399.
\classnum@=\count323
\DOTSCASE@=\count324
LaTeX Info: Redefining \ldots on input line 496.
LaTeX Info: Redefining \dots on input line 499.
LaTeX Info: Redefining \cdots on input line 620.
\Mathstrutbox@=\box73
\strutbox@=\box74
\big@size=\dimen283
LaTeX Font Info:    Redeclaring font encoding OML on input line 743.
LaTeX Font Info:    Redeclaring font encoding OMS on input line 744.
\macc@depth=\count325
\c@MaxMatrixCols=\count326
\dotsspace@=\muskip17
\c@parentequation=\count327
\dspbrk@lvl=\count328
\tag@help=\toks35
\row@=\count329
\column@=\count330
\maxfields@=\count331
\andhelp@=\toks36
\eqnshift@=\dimen284
\alignsep@=\dimen285
\tagshift@=\dimen286
\tagwidth@=\dimen287
\totwidth@=\dimen288
\lineht@=\dimen289
\@envbody=\toks37
\multlinegap=\skip59
\multlinetaggap=\skip60
\mathdisplay@stack=\toks38
LaTeX Info: Redefining \[ on input line 2938.
LaTeX Info: Redefining \] on input line 2939.
) (c:/Users/yunwa/AppData/Roaming/TinyTeX/texmf-dist/tex/latex/amscls/amsthm.st
y
Package: amsthm 2020/05/29 v2.20.6
\thm@style=\toks39
\thm@bodyfont=\toks40
\thm@headfont=\toks41
\thm@notefont=\toks42
\thm@headpunct=\toks43
\thm@preskip=\skip61
\thm@postskip=\skip62
\thm@headsep=\skip63
\dth@everypar=\toks44
)
\c@theorem=\count332
)
(c:/Users/yunwa/AppData/Roaming/TinyTeX/texmf-dist/tex/latex/beamer/beamerbaset
hemes.sty))
(c:/Users/yunwa/AppData/Roaming/TinyTeX/texmf-dist/tex/latex/beamer/beamertheme
default.sty
(c:/Users/yunwa/AppData/Roaming/TinyTeX/texmf-dist/tex/latex/beamer/beamerfontt
hemedefault.sty)
(c:/Users/yunwa/AppData/Roaming/TinyTeX/texmf-dist/tex/latex/beamer/beamercolor
themedefault.sty)
(c:/Users/yunwa/AppData/Roaming/TinyTeX/texmf-dist/tex/latex/beamer/beamerinner
themedefault.sty
\beamer@dima=\dimen290
\beamer@dimb=\dimen291
)
(c:/Users/yunwa/AppData/Roaming/TinyTeX/texmf-dist/tex/latex/beamer/beamerouter
themedefault.sty)))
(c:/Users/yunwa/AppData/Roaming/TinyTeX/texmf-dist/tex/latex/pgf/utilities/pgfp
ages.sty
Package: pgfpages 2011/01/05 ver 0.02
(c:/Users/yunwa/AppData/Roaming/TinyTeX/texmf-dist/tex/latex/tools/calc.sty
Package: calc 2017/05/25 v4.3 Infix arithmetic (KKT,FJ)
\calc@Acount=\count333
\calc@Bcount=\count334
\calc@Adimen=\dimen292
\calc@Bdimen=\dimen293
\calc@Askip=\skip64
\calc@Bskip=\skip65
LaTeX Info: Redefining \setlength on input line 80.
LaTeX Info: Redefining \addtolength on input line 81.
\calc@Ccount=\count335
\calc@Cskip=\skip66
)
\pgf@logicalpages=\count336
\pgf@firstshipout=\count337
\pgf@lastshipout=\count338
\pgf@currentshipout=\count339
\pgf@cpn=\count340
\pgf@shipoutnextto=\count341
\pgfphysicalheight=\dimen294
\pgfphysicalwidth=\dimen295
\pgfpages@shipoutbox=\box75
) (c:/Users/yunwa/AppData/Roaming/TinyTeX/texmf-dist/tex/latex/lm/lmodern.sty
Package: lmodern 2015/05/01 v1.6.1 Latin Modern Fonts
LaTeX Font Info:    Overwriting symbol font `operators' in version `normal'
(Font)                  OT1/cmr/m/n --> OT1/lmr/m/n on input line 22.
LaTeX Font Info:    Overwriting symbol font `letters' in version `normal'
(Font)                  OML/cmm/m/it --> OML/lmm/m/it on input line 23.
LaTeX Font Info:    Overwriting symbol font `symbols' in version `normal'
(Font)                  OMS/cmsy/m/n --> OMS/lmsy/m/n on input line 24.
LaTeX Font Info:    Overwriting symbol font `largesymbols' in version `normal'
(Font)                  OMX/cmex/m/n --> OMX/lmex/m/n on input line 25.
LaTeX Font Info:    Overwriting symbol font `operators' in version `bold'
(Font)                  OT1/cmr/bx/n --> OT1/lmr/bx/n on input line 26.
LaTeX Font Info:    Overwriting symbol font `letters' in version `bold'
(Font)                  OML/cmm/b/it --> OML/lmm/b/it on input line 27.
LaTeX Font Info:    Overwriting symbol font `symbols' in version `bold'
(Font)                  OMS/cmsy/b/n --> OMS/lmsy/b/n on input line 28.
LaTeX Font Info:    Overwriting symbol font `largesymbols' in version `bold'
(Font)                  OMX/cmex/m/n --> OMX/lmex/m/n on input line 29.
LaTeX Font Info:    Overwriting math alphabet `\mathbf' in version `normal'
(Font)                  OT1/cmr/bx/n --> OT1/lmr/bx/n on input line 31.
LaTeX Font Info:    Overwriting math alphabet `\mathsf' in version `normal'
(Font)                  OT1/cmss/m/n --> OT1/lmss/m/n on input line 32.
LaTeX Font Info:    Overwriting math alphabet `\mathit' in version `normal'
(Font)                  OT1/cmr/m/it --> OT1/lmr/m/it on input line 33.
LaTeX Font Info:    Overwriting math alphabet `\mathtt' in version `normal'
(Font)                  OT1/cmtt/m/n --> OT1/lmtt/m/n on input line 34.
LaTeX Font Info:    Overwriting math alphabet `\mathbf' in version `bold'
(Font)                  OT1/cmr/bx/n --> OT1/lmr/bx/n on input line 35.
LaTeX Font Info:    Overwriting math alphabet `\mathsf' in version `bold'
(Font)                  OT1/cmss/bx/n --> OT1/lmss/bx/n on input line 36.
LaTeX Font Info:    Overwriting math alphabet `\mathit' in version `bold'
(Font)                  OT1/cmr/bx/it --> OT1/lmr/bx/it on input line 37.
LaTeX Font Info:    Overwriting math alphabet `\mathtt' in version `bold'
(Font)                  OT1/cmtt/m/n --> OT1/lmtt/m/n on input line 38.
) (c:/Users/yunwa/AppData/Roaming/TinyTeX/texmf-dist/tex/latex/base/fontenc.sty
Package: fontenc 2021/04/29 v2.0v Standard LaTeX package
LaTeX Font Info:    Trying to load font information for T1+lmss on input line 1
12.
(c:/Users/yunwa/AppData/Roaming/TinyTeX/texmf-dist/tex/latex/lm/t1lmss.fd
File: t1lmss.fd 2015/05/01 v1.6.1 Font defs for Latin Modern
)) (c:/Users/yunwa/AppData/Roaming/TinyTeX/texmf-dist/tex/latex/base/inputenc.s
ty
Package: inputenc 2021/02/14 v1.3d Input encoding file
\inpenc@prehook=\toks45
\inpenc@posthook=\toks46
) (c:/Users/yunwa/AppData/Roaming/TinyTeX/texmf-dist/tex/latex/base/textcomp.st
y
Package: textcomp 2020/02/02 v2.0n Standard LaTeX package
)
(c:/Users/yunwa/AppData/Roaming/TinyTeX/texmf-dist/tex/latex/beamer/beamertheme
CambridgeUS.sty
(c:/Users/yunwa/AppData/Roaming/TinyTeX/texmf-dist/tex/latex/beamer/beamerinner
themerounded.sty)
(c:/Users/yunwa/AppData/Roaming/TinyTeX/texmf-dist/tex/latex/beamer/beamerouter
themeinfolines.sty)
(c:/Users/yunwa/AppData/Roaming/TinyTeX/texmf-dist/tex/latex/beamer/beamercolor
themebeaver.sty))
(c:/Users/yunwa/AppData/Roaming/TinyTeX/texmf-dist/tex/latex/beamer/beamercolor
themedolphin.sty)
(c:/Users/yunwa/AppData/Roaming/TinyTeX/texmf-dist/tex/latex/microtype/microtyp
e.sty
Package: microtype 2021/12/10 v3.0b Micro-typographical refinements (RS)
\MT@toks=\toks47
\MT@count=\count342
\MT@tempbox=\box76
LaTeX Info: Redefining \leftprotrusion on input line 1010.
LaTeX Info: Redefining \rightprotrusion on input line 1018.
LaTeX Info: Redefining \textls on input line 1173.
\MT@outer@kern=\dimen296
LaTeX Info: Redefining \textmicrotypecontext on input line 1759.
\MT@listname@count=\count343

(c:/Users/yunwa/AppData/Roaming/TinyTeX/texmf-dist/tex/latex/microtype/microtyp
e-pdftex.def
File: microtype-pdftex.def 2021/12/10 v3.0b Definitions specific to pdftex (RS)

LaTeX Info: Redefining \lsstyle on input line 897.
LaTeX Info: Redefining \lslig on input line 897.
\MT@outer@space=\skip67
)
Package microtype Info: Loading configuration file microtype.cfg.

(c:/Users/yunwa/AppData/Roaming/TinyTeX/texmf-dist/tex/latex/microtype/microtyp
e.cfg
File: microtype.cfg 2021/12/10 v3.0b microtype main configuration file (RS)
))
(c:/Users/yunwa/AppData/Roaming/TinyTeX/texmf-dist/tex/latex/fancyvrb/fancyvrb.
sty
Package: fancyvrb 2021/12/21 4.1b verbatim text (tvz,hv)
\FV@CodeLineNo=\count344
\FV@InFile=\read3
\FV@TabBox=\box77
\c@FancyVerbLine=\count345
\FV@StepNumber=\count346
\FV@OutFile=\write5
) (c:/Users/yunwa/AppData/Roaming/TinyTeX/texmf-dist/tex/latex/framed/framed.st
y
Package: framed 2011/10/22 v 0.96: framed or shaded text with page breaks
\OuterFrameSep=\skip68
\fb@frw=\dimen297
\fb@frh=\dimen298
\FrameRule=\dimen299
\FrameSep=\dimen300
)
\cslhangindent=\skip69
\csllabelwidth=\skip70
\cslentryspacingunit=\skip71

(c:/Users/yunwa/AppData/Roaming/TinyTeX/texmf-dist/tex/latex/marvosym/marvosym.
sty
Package: marvosym 2011/07/20 v2.2 Martin Vogel's Symbols font definitions
) (c:/Users/yunwa/AppData/Roaming/TinyTeX/texmf-dist/tex/latex/tools/array.sty
Package: array 2021/10/04 v2.5f Tabular extension package (FMi)
\col@sep=\dimen301
\ar@mcellbox=\box78
\extrarowheight=\dimen302
\NC@list=\toks48
\extratabsurround=\skip72
\backup@length=\skip73
\ar@cellbox=\box79
)
(c:/Users/yunwa/AppData/Roaming/TinyTeX/texmf-dist/tex/latex/booktabs/booktabs.
sty
Package: booktabs 2020/01/12 v1.61803398 Publication quality tables
\heavyrulewidth=\dimen303
\lightrulewidth=\dimen304
\cmidrulewidth=\dimen305
\belowrulesep=\dimen306
\belowbottomsep=\dimen307
\aboverulesep=\dimen308
\abovetopsep=\dimen309
\cmidrulesep=\dimen310
\cmidrulekern=\dimen311
\defaultaddspace=\dimen312
\@cmidla=\count347
\@cmidlb=\count348
\@aboverulesep=\dimen313
\@belowrulesep=\dimen314
\@thisruleclass=\count349
\@lastruleclass=\count350
\@thisrulewidth=\dimen315
)
(c:/Users/yunwa/AppData/Roaming/TinyTeX/texmf-dist/tex/latex/tools/verbatim.sty
Package: verbatim 2020-07-07 v1.5u LaTeX2e package for verbatim enhancements
\every@verbatim=\toks49
\verbatim@line=\toks50
\verbatim@in@stream=\read4
)
(c:/Users/yunwa/AppData/Roaming/TinyTeX/texmf-dist/tex/latex/tools/varioref.sty
Package: varioref 2021/07/07 v1.6f package for extended references (FMi)
\c@vrcnt=\count351
) (c:/Users/yunwa/AppData/Roaming/TinyTeX/texmf-dist/tex/latex/natbib/natbib.st
y
Package: natbib 2010/09/13 8.31b (PWD, AO)
\bibhang=\skip74
\bibsep=\skip75
LaTeX Info: Redefining \cite on input line 694.
\c@NAT@ctr=\count352
)
(c:/Users/yunwa/AppData/Roaming/TinyTeX/texmf-dist/tex/latex/actuarialangle/act
uarialangle.sty
Package: actuarialangle 2019/06/13 v2.1 Actuarial angle
(c:/Users/yunwa/AppData/Roaming/TinyTeX/texmf-dist/tex/latex/pict2e/pict2e.sty
Package: pict2e 2020/09/30 v0.4b Improved picture commands (HjG,RN,JT)
(c:/Users/yunwa/AppData/Roaming/TinyTeX/texmf-dist/tex/latex/pict2e/pict2e.cfg
File: pict2e.cfg 2016/02/05 v0.1u pict2e configuration for teTeX/TeXLive
)
Package pict2e Info: Driver file: pdftex.def on input line 112.
Package pict2e Info: Driver file for pict2e: p2e-pdftex.def on input line 114.

(c:/Users/yunwa/AppData/Roaming/TinyTeX/texmf-dist/tex/latex/pict2e/p2e-pdftex.
def
File: p2e-pdftex.def 2016/02/05 v0.1u Driver-dependant file (RN,HjG,JT)
)
\pIIe@GRAPH=\toks51
\@arclen=\dimen316
\@arcrad=\dimen317
\pIIe@tempdima=\dimen318
\pIIe@tempdimb=\dimen319
\pIIe@tempdimc=\dimen320
\pIIe@tempdimd=\dimen321
\pIIe@tempdime=\dimen322
\pIIe@tempdimf=\dimen323
))

Package hyperref Warning: Token not allowed in a PDF string (Unicode):
(hyperref)                removing `\footnote' on input line 204.


Package hyperref Warning: Token not allowed in a PDF string (Unicode):
(hyperref)                removing `math shift' on input line 204.


Package hyperref Warning: Token not allowed in a PDF string (Unicode):
(hyperref)                removing `\leavevmode@ifvmode' on input line 204.


Package hyperref Warning: Token not allowed in a PDF string (Unicode):
(hyperref)                \kern 3.04074pt
(hyperref)                removed on input line 204.


Package hyperref Warning: Token not allowed in a PDF string (Unicode):
(hyperref)                removing `\rightarrow' on input line 204.


Package hyperref Warning: Token not allowed in a PDF string (Unicode):
(hyperref)                removing `math shift' on input line 204.


Package hyperref Warning: Token not allowed in a PDF string (Unicode):
(hyperref)                removing `\@@underline' on input line 204.


Package hyperref Warning: Token not allowed in a PDF string (Unicode):
(hyperref)                removing `\hbox' on input line 204.


Package hyperref Warning: Token not allowed in a PDF string (Unicode):
(hyperref)                removing `\mathsurround' on input line 204.


Package hyperref Warning: Token not allowed in a PDF string (Unicode):
(hyperref)                removing `\z@' on input line 204.


Package hyperref Warning: Token not allowed in a PDF string (Unicode):
(hyperref)                removing `math shift' on input line 204.


(c:/Users/yunwa/AppData/Roaming/TinyTeX/texmf-dist/tex/latex/l3backend/l3backen
d-pdftex.def
File: l3backend-pdftex.def 2022-02-07 L3 backend support: PDF output (pdfTeX)
\l__color_backend_stack_int=\count353
\l__pdf_internal_box=\box80
) (./22-GIM-M7-lec.aux)
\openout1 = `22-GIM-M7-lec.aux'.

LaTeX Font Info:    Checking defaults for OML/cmm/m/it on input line 204.
LaTeX Font Info:    ... okay on input line 204.
LaTeX Font Info:    Checking defaults for OMS/cmsy/m/n on input line 204.
LaTeX Font Info:    ... okay on input line 204.
LaTeX Font Info:    Checking defaults for OT1/cmr/m/n on input line 204.
LaTeX Font Info:    ... okay on input line 204.
LaTeX Font Info:    Checking defaults for T1/cmr/m/n on input line 204.
LaTeX Font Info:    ... okay on input line 204.
LaTeX Font Info:    Checking defaults for TS1/cmr/m/n on input line 204.
LaTeX Font Info:    ... okay on input line 204.
LaTeX Font Info:    Checking defaults for OMX/cmex/m/n on input line 204.
LaTeX Font Info:    ... okay on input line 204.
LaTeX Font Info:    Checking defaults for U/cmr/m/n on input line 204.
LaTeX Font Info:    ... okay on input line 204.
LaTeX Font Info:    Checking defaults for PD1/pdf/m/n on input line 204.
LaTeX Font Info:    ... okay on input line 204.
LaTeX Font Info:    Checking defaults for PU/pdf/m/n on input line 204.
LaTeX Font Info:    ... okay on input line 204.
*geometry* driver: auto-detecting
*geometry* detected driver: pdftex
*geometry* verbose mode - [ preamble ] result:
* driver: pdftex
* paper: custom
* layout: <same size as paper>
* layoutoffset:(h,v)=(0.0pt,0.0pt)
* modes: includehead includefoot 
* h-part:(L,W,R)=(10.95pt, 342.29536pt, 10.95pt)
* v-part:(T,H,B)=(0.0pt, 273.14662pt, 0.0pt)
* \paperwidth=364.19536pt
* \paperheight=273.14662pt
* \textwidth=342.29536pt
* \textheight=244.6939pt
* \oddsidemargin=-61.31999pt
* \evensidemargin=-61.31999pt
* \topmargin=-72.26999pt
* \headheight=14.22636pt
* \headsep=0.0pt
* \topskip=11.0pt
* \footskip=14.22636pt
* \marginparwidth=4.0pt
* \marginparsep=10.0pt
* \columnsep=10.0pt
* \skip\footins=10.0pt plus 4.0pt minus 2.0pt
* \hoffset=0.0pt
* \voffset=0.0pt
* \mag=1000
* \@twocolumnfalse
* \@twosidefalse
* \@mparswitchfalse
* \@reversemarginfalse
* (1in=72.27pt=25.4mm, 1cm=28.453pt)


(c:/Users/yunwa/AppData/Roaming/TinyTeX/texmf-dist/tex/latex/epstopdf-pkg/epsto
pdf-base.sty
Package: epstopdf-base 2020-01-24 v2.11 Base part for package epstopdf
Package epstopdf-base Info: Redefining graphics rule for `.eps' on input line 4
85.

(c:/Users/yunwa/AppData/Roaming/TinyTeX/texmf-dist/tex/latex/latexconfig/epstop
df-sys.cfg
File: epstopdf-sys.cfg 2010/07/13 v1.3 Configuration of (r)epstopdf for TeX Liv
e
))
Package hyperref Info: Link coloring OFF on input line 204.

(c:/Users/yunwa/AppData/Roaming/TinyTeX/texmf-dist/tex/latex/hyperref/nameref.s
ty
Package: nameref 2021-04-02 v2.47 Cross-referencing by name of section

(c:/Users/yunwa/AppData/Roaming/TinyTeX/texmf-dist/tex/latex/refcount/refcount.
sty
Package: refcount 2019/12/15 v3.6 Data extraction from label references (HO)
)
(c:/Users/yunwa/AppData/Roaming/TinyTeX/texmf-dist/tex/generic/gettitlestring/g
ettitlestring.sty
Package: gettitlestring 2019/12/15 v1.6 Cleanup title references (HO)
)
\c@section@level=\count354
LaTeX Info: Redefining \Ref on input line 520.
)
LaTeX Info: Redefining \ref on input line 204.
LaTeX Info: Redefining \pageref on input line 204.
LaTeX Info: Redefining \nameref on input line 204.
(./22-GIM-M7-lec.out) (./22-GIM-M7-lec.out)
\@outlinefile=\write6
\openout6 = `22-GIM-M7-lec.out'.

LaTeX Font Info:    Overwriting symbol font `operators' in version `normal'
(Font)                  OT1/lmr/m/n --> OT1/cmss/m/n on input line 204.
LaTeX Font Info:    Overwriting symbol font `operators' in version `bold'
(Font)                  OT1/lmr/bx/n --> OT1/cmss/b/n on input line 204.
LaTeX Font Info:    Overwriting symbol font `operators' in version `normal'
(Font)                  OT1/cmss/m/n --> OT1/lmss/m/n on input line 204.
LaTeX Font Info:    Overwriting symbol font `operators' in version `bold'
(Font)                  OT1/cmss/b/n --> OT1/lmss/b/n on input line 204.
\symnumbers=\mathgroup6
\sympureletters=\mathgroup7
LaTeX Font Info:    Overwriting math alphabet `\mathrm' in version `normal'
(Font)                  OT1/lmss/m/n --> T1/lmr/m/n on input line 204.
LaTeX Font Info:    Redeclaring math alphabet \mathbf on input line 204.
LaTeX Font Info:    Overwriting math alphabet `\mathbf' in version `normal'
(Font)                  OT1/lmr/bx/n --> T1/lmss/b/n on input line 204.
LaTeX Font Info:    Overwriting math alphabet `\mathbf' in version `bold'
(Font)                  OT1/lmr/bx/n --> T1/lmss/b/n on input line 204.
LaTeX Font Info:    Redeclaring math alphabet \mathsf on input line 204.
LaTeX Font Info:    Overwriting math alphabet `\mathsf' in version `normal'
(Font)                  OT1/lmss/m/n --> T1/lmss/m/n on input line 204.
LaTeX Font Info:    Overwriting math alphabet `\mathsf' in version `bold'
(Font)                  OT1/lmss/bx/n --> T1/lmss/m/n on input line 204.
LaTeX Font Info:    Redeclaring math alphabet \mathit on input line 204.
LaTeX Font Info:    Overwriting math alphabet `\mathit' in version `normal'
(Font)                  OT1/lmr/m/it --> T1/lmss/m/it on input line 204.
LaTeX Font Info:    Overwriting math alphabet `\mathit' in version `bold'
(Font)                  OT1/lmr/bx/it --> T1/lmss/m/it on input line 204.
LaTeX Font Info:    Redeclaring math alphabet \mathtt on input line 204.
LaTeX Font Info:    Overwriting math alphabet `\mathtt' in version `normal'
(Font)                  OT1/lmtt/m/n --> T1/lmtt/m/n on input line 204.
LaTeX Font Info:    Overwriting math alphabet `\mathtt' in version `bold'
(Font)                  OT1/lmtt/m/n --> T1/lmtt/m/n on input line 204.
LaTeX Font Info:    Overwriting symbol font `numbers' in version `bold'
(Font)                  T1/lmss/m/n --> T1/lmss/b/n on input line 204.
LaTeX Font Info:    Overwriting symbol font `pureletters' in version `bold'
(Font)                  T1/lmss/m/it --> T1/lmss/b/it on input line 204.
LaTeX Font Info:    Overwriting math alphabet `\mathrm' in version `bold'
(Font)                  OT1/lmss/b/n --> T1/lmr/b/n on input line 204.
LaTeX Font Info:    Overwriting math alphabet `\mathbf' in version `bold'
(Font)                  T1/lmss/b/n --> T1/lmss/b/n on input line 204.
LaTeX Font Info:    Overwriting math alphabet `\mathsf' in version `bold'
(Font)                  T1/lmss/m/n --> T1/lmss/b/n on input line 204.
LaTeX Font Info:    Overwriting math alphabet `\mathit' in version `bold'
(Font)                  T1/lmss/m/it --> T1/lmss/b/it on input line 204.
LaTeX Font Info:    Overwriting math alphabet `\mathtt' in version `bold'
(Font)                  T1/lmtt/m/n --> T1/lmtt/b/n on input line 204.

(c:/Users/yunwa/AppData/Roaming/TinyTeX/texmf-dist/tex/latex/translator/transla
tor-basic-dictionary-English.dict
Dictionary: translator-basic-dictionary, Language: English 
)
(c:/Users/yunwa/AppData/Roaming/TinyTeX/texmf-dist/tex/latex/translator/transla
tor-bibliography-dictionary-English.dict
Dictionary: translator-bibliography-dictionary, Language: English 
)
(c:/Users/yunwa/AppData/Roaming/TinyTeX/texmf-dist/tex/latex/translator/transla
tor-environment-dictionary-English.dict
Dictionary: translator-environment-dictionary, Language: English 
)
(c:/Users/yunwa/AppData/Roaming/TinyTeX/texmf-dist/tex/latex/translator/transla
tor-months-dictionary-English.dict
Dictionary: translator-months-dictionary, Language: English 
)
(c:/Users/yunwa/AppData/Roaming/TinyTeX/texmf-dist/tex/latex/translator/transla
tor-numbers-dictionary-English.dict
Dictionary: translator-numbers-dictionary, Language: English 
)
(c:/Users/yunwa/AppData/Roaming/TinyTeX/texmf-dist/tex/latex/translator/transla
tor-theorem-dictionary-English.dict
Dictionary: translator-theorem-dictionary, Language: English 
)
LaTeX Info: Redefining \microtypecontext on input line 204.
Package microtype Info: Applying patch `item' on input line 204.
Package microtype Info: Applying patch `toc' on input line 204.
Package microtype Info: Applying patch `eqnum' on input line 204.

Package microtype Warning: Unable to apply patch `footnote' on input line 204.

Package microtype Info: Generating PDF output.
Package microtype Info: Character protrusion enabled (level 2).
Package microtype Info: Using protrusion set `basicmath'.
Package microtype Info: Automatic font expansion enabled (level 2),
(microtype)             stretch: 20, shrink: 20, step: 1, non-selected.
Package microtype Info: Using default expansion set `alltext-nott'.
LaTeX Info: Redefining \showhyphens on input line 204.
Package microtype Info: No adjustment of tracking.
Package microtype Info: No adjustment of interword spacing.
Package microtype Info: No adjustment of character kerning.
Package microtype Info: Loading generic protrusion settings for font family
(microtype)             `lmss' (encoding: T1).
(microtype)             For optimal results, create family-specific settings.
(microtype)             See the microtype manual for details.
(./22-GIM-M7-lec.nav)
LaTeX Font Info:    Trying to load font information for OT1+lmss on input line 
205.
(c:/Users/yunwa/AppData/Roaming/TinyTeX/texmf-dist/tex/latex/lm/ot1lmss.fd
File: ot1lmss.fd 2015/05/01 v1.6.1 Font defs for Latin Modern
)
Package microtype Info: Loading generic protrusion settings for font family
(microtype)             `lmss' (encoding: OT1).
(microtype)             For optimal results, create family-specific settings.
(microtype)             See the microtype manual for details.
LaTeX Font Info:    Trying to load font information for OML+lmm on input line 2
05.
(c:/Users/yunwa/AppData/Roaming/TinyTeX/texmf-dist/tex/latex/lm/omllmm.fd
File: omllmm.fd 2015/05/01 v1.6.1 Font defs for Latin Modern
)
LaTeX Font Info:    Trying to load font information for OMS+lmsy on input line 
205.
(c:/Users/yunwa/AppData/Roaming/TinyTeX/texmf-dist/tex/latex/lm/omslmsy.fd
File: omslmsy.fd 2015/05/01 v1.6.1 Font defs for Latin Modern
)
LaTeX Font Info:    Trying to load font information for OMX+lmex on input line 
205.
(c:/Users/yunwa/AppData/Roaming/TinyTeX/texmf-dist/tex/latex/lm/omxlmex.fd
File: omxlmex.fd 2015/05/01 v1.6.1 Font defs for Latin Modern
)
LaTeX Font Info:    External font `lmex10' loaded for size
(Font)              <10.95> on input line 205.
LaTeX Font Info:    External font `lmex10' loaded for size
(Font)              <8> on input line 205.
LaTeX Font Info:    External font `lmex10' loaded for size
(Font)              <6> on input line 205.
LaTeX Font Info:    Trying to load font information for U+msa on input line 205
.
(c:/Users/yunwa/AppData/Roaming/TinyTeX/texmf-dist/tex/latex/amsfonts/umsa.fd
File: umsa.fd 2013/01/14 v3.01 AMS symbols A
)
(c:/Users/yunwa/AppData/Roaming/TinyTeX/texmf-dist/tex/latex/microtype/mt-msa.c
fg
File: mt-msa.cfg 2006/02/04 v1.1 microtype config. file: AMS symbols (a) (RS)
)
LaTeX Font Info:    Trying to load font information for U+msb on input line 205
.
(c:/Users/yunwa/AppData/Roaming/TinyTeX/texmf-dist/tex/latex/amsfonts/umsb.fd
File: umsb.fd 2013/01/14 v3.01 AMS symbols B
)
(c:/Users/yunwa/AppData/Roaming/TinyTeX/texmf-dist/tex/latex/microtype/mt-msb.c
fg
File: mt-msb.cfg 2005/06/01 v1.0 microtype config. file: AMS symbols (b) (RS)
)
LaTeX Font Info:    Font shape `T1/lmss/m/it' in size <10.95> not available
(Font)              Font shape `T1/lmss/m/sl' tried instead on input line 205.
LaTeX Font Info:    Font shape `T1/lmss/m/it' in size <8> not available
(Font)              Font shape `T1/lmss/m/sl' tried instead on input line 205.
LaTeX Font Info:    Font shape `T1/lmss/m/it' in size <6> not available
(Font)              Font shape `T1/lmss/m/sl' tried instead on input line 205.
LaTeX Font Info:    External font `lmex10' loaded for size
(Font)              <9> on input line 205.
LaTeX Font Info:    External font `lmex10' loaded for size
(Font)              <5> on input line 205.
LaTeX Font Info:    Font shape `T1/lmss/m/it' in size <9> not available
(Font)              Font shape `T1/lmss/m/sl' tried instead on input line 205.
LaTeX Font Info:    Font shape `T1/lmss/m/it' in size <5> not available
(Font)              Font shape `T1/lmss/m/sl' tried instead on input line 205.
<../../../../static/img/PRIMARY_A_Vertical_Housed_RGB.png, id=185, 116.5956pt x
 116.5956pt>
File: ../../../../static/img/PRIMARY_A_Vertical_Housed_RGB.png Graphic file (ty
pe png)
<use ../../../../static/img/PRIMARY_A_Vertical_Housed_RGB.png>
Package pdftex.def Info: ../../../../static/img/PRIMARY_A_Vertical_Housed_RGB.p
ng  used on input line 205.
(pdftex.def)             Requested size: 86.72415pt x 86.72415pt.
[1

{c:/Users/yunwa/AppData/Roaming/TinyTeX/texmf-var/fonts/map/pdftex/updmap/pdfte
x.map} <../../../../static/img/PRIMARY_A_Vertical_Housed_RGB.png> <../../../../
static/img/PRIMARY_A_Vertical_Housed_RGB.png>] (./22-GIM-M7-lec.toc) [2

] (./22-GIM-M7-lec.toc) [3

] (./22-GIM-M7-lec.toc) [4

] [5

] (./22-GIM-M7-lec.toc) [6

] [7

] (./22-GIM-M7-lec.toc) [8

] [9

] (./22-GIM-M7-lec.toc) [10

] (./22-GIM-M7-lec.toc) [11

]
<D:/R-Projects/teaching/ACTL30007/ACTL30007-ACTL90020-2023/static/output/22-GIM
-M7-lec_files/figure-beamer/unnamed-chunk-5-1.pdf, id=322, 867.24pt x 433.62pt>

File: D:/R-Projects/teaching/ACTL30007/ACTL30007-ACTL90020-2023/static/output/2
2-GIM-M7-lec_files/figure-beamer/unnamed-chunk-5-1.pdf Graphic file (type pdf)
<use D:/R-Projects/teaching/ACTL30007/ACTL30007-ACTL90020-2023/static/output/22
-GIM-M7-lec_files/figure-beamer/unnamed-chunk-5-1.pdf>
Package pdftex.def Info: D:/R-Projects/teaching/ACTL30007/ACTL30007-ACTL90020-2
023/static/output/22-GIM-M7-lec_files/figure-beamer/unnamed-chunk-5-1.pdf  used
 on input line 316.
(pdftex.def)             Requested size: 342.298pt x 171.149pt.

Overfull \vbox (20.30615pt too high) detected at line 316
 []

[12

 <d:/R-Projects/teaching/ACTL30007/ACTL30007-ACTL90020-2023/static/output/22-GI
M-M7-lec_files/figure-beamer/unnamed-chunk-5-1.pdf>] (./22-GIM-M7-lec.toc) [13

]
<D:/R-Projects/teaching/ACTL30007/ACTL30007-ACTL90020-2023/static/output/22-GIM
-M7-lec_files/figure-beamer/unnamed-chunk-6-1.pdf, id=350, 867.24pt x 433.62pt>

File: D:/R-Projects/teaching/ACTL30007/ACTL30007-ACTL90020-2023/static/output/2
2-GIM-M7-lec_files/figure-beamer/unnamed-chunk-6-1.pdf Graphic file (type pdf)
<use D:/R-Projects/teaching/ACTL30007/ACTL30007-ACTL90020-2023/static/output/22
-GIM-M7-lec_files/figure-beamer/unnamed-chunk-6-1.pdf>
Package pdftex.def Info: D:/R-Projects/teaching/ACTL30007/ACTL30007-ACTL90020-2
023/static/output/22-GIM-M7-lec_files/figure-beamer/unnamed-chunk-6-1.pdf  used
 on input line 328.
(pdftex.def)             Requested size: 342.298pt x 171.149pt.

Overfull \vbox (19.6978pt too high) detected at line 328
 []

[14

 <d:/R-Projects/teaching/ACTL30007/ACTL30007-ACTL90020-2023/static/output/22-GI
M-M7-lec_files/figure-beamer/unnamed-chunk-6-1.pdf>] (./22-GIM-M7-lec.toc) [15

]
<D:/R-Projects/teaching/ACTL30007/ACTL30007-ACTL90020-2023/static/output/22-GIM
-M7-lec_files/figure-beamer/unnamed-chunk-7-1.pdf, id=376, 867.24pt x 433.62pt>

File: D:/R-Projects/teaching/ACTL30007/ACTL30007-ACTL90020-2023/static/output/2
2-GIM-M7-lec_files/figure-beamer/unnamed-chunk-7-1.pdf Graphic file (type pdf)
<use D:/R-Projects/teaching/ACTL30007/ACTL30007-ACTL90020-2023/static/output/22
-GIM-M7-lec_files/figure-beamer/unnamed-chunk-7-1.pdf>
Package pdftex.def Info: D:/R-Projects/teaching/ACTL30007/ACTL30007-ACTL90020-2
023/static/output/22-GIM-M7-lec_files/figure-beamer/unnamed-chunk-7-1.pdf  used
 on input line 339.
(pdftex.def)             Requested size: 342.298pt x 171.149pt.

Overfull \vbox (6.0978pt too high) detected at line 339
 []

[16

 <d:/R-Projects/teaching/ACTL30007/ACTL30007-ACTL90020-2023/static/output/22-GI
M-M7-lec_files/figure-beamer/unnamed-chunk-7-1.pdf>] (./22-GIM-M7-lec.toc) [17

]
<D:/R-Projects/teaching/ACTL30007/ACTL30007-ACTL90020-2023/static/output/22-GIM
-M7-lec_files/figure-beamer/unnamed-chunk-8-1.pdf, id=402, 867.24pt x 433.62pt>

File: D:/R-Projects/teaching/ACTL30007/ACTL30007-ACTL90020-2023/static/output/2
2-GIM-M7-lec_files/figure-beamer/unnamed-chunk-8-1.pdf Graphic file (type pdf)
<use D:/R-Projects/teaching/ACTL30007/ACTL30007-ACTL90020-2023/static/output/22
-GIM-M7-lec_files/figure-beamer/unnamed-chunk-8-1.pdf>
Package pdftex.def Info: D:/R-Projects/teaching/ACTL30007/ACTL30007-ACTL90020-2
023/static/output/22-GIM-M7-lec_files/figure-beamer/unnamed-chunk-8-1.pdf  used
 on input line 351.
(pdftex.def)             Requested size: 342.298pt x 171.149pt.

Overfull \vbox (6.0978pt too high) detected at line 351
 []

[18

 <d:/R-Projects/teaching/ACTL30007/ACTL30007-ACTL90020-2023/static/output/22-GI
M-M7-lec_files/figure-beamer/unnamed-chunk-8-1.pdf>] (./22-GIM-M7-lec.toc) [19

]
<D:/R-Projects/teaching/ACTL30007/ACTL30007-ACTL90020-2023/static/output/22-GIM
-M7-lec_files/figure-beamer/unnamed-chunk-9-1.pdf, id=429, 867.24pt x 469.755pt
>
File: D:/R-Projects/teaching/ACTL30007/ACTL30007-ACTL90020-2023/static/output/2
2-GIM-M7-lec_files/figure-beamer/unnamed-chunk-9-1.pdf Graphic file (type pdf)
<use D:/R-Projects/teaching/ACTL30007/ACTL30007-ACTL90020-2023/static/output/22
-GIM-M7-lec_files/figure-beamer/unnamed-chunk-9-1.pdf>
Package pdftex.def Info: D:/R-Projects/teaching/ACTL30007/ACTL30007-ACTL90020-2
023/static/output/22-GIM-M7-lec_files/figure-beamer/unnamed-chunk-9-1.pdf  used
 on input line 360.
(pdftex.def)             Requested size: 342.298pt x 185.41142pt.

Overfull \vbox (6.76021pt too high) detected at line 360
 []

[20

 <d:/R-Projects/teaching/ACTL30007/ACTL30007-ACTL90020-2023/static/output/22-GI
M-M7-lec_files/figure-beamer/unnamed-chunk-9-1.pdf>] (./22-GIM-M7-lec.toc) [21

] (./22-GIM-M7-lec.toc) [22

] [23

] (./22-GIM-M7-lec.toc) [24

]
LaTeX Font Info:    Font shape `T1/lmss/bx/it' in size <10.95> not available
(Font)              Font shape `T1/lmss/bx/sl' tried instead on input line 420.

[25

] (./22-GIM-M7-lec.toc) [26

]
\openout4 = `22-GIM-M7-lec.vrb'.

(./22-GIM-M7-lec.vrb
LaTeX Font Info:    Trying to load font information for T1+lmtt on input line 3
.
(c:/Users/yunwa/AppData/Roaming/TinyTeX/texmf-dist/tex/latex/lm/t1lmtt.fd
File: t1lmtt.fd 2015/05/01 v1.6.1 Font defs for Latin Modern
)
<D:/R-Projects/teaching/ACTL30007/ACTL30007-ACTL90020-2023/static/output/22-GIM
-M7-lec_files/figure-beamer/basicmodels-1.pdf, id=525, 867.24pt x 505.89pt>
File: D:/R-Projects/teaching/ACTL30007/ACTL30007-ACTL90020-2023/static/output/2
2-GIM-M7-lec_files/figure-beamer/basicmodels-1.pdf Graphic file (type pdf)
<use D:/R-Projects/teaching/ACTL30007/ACTL30007-ACTL90020-2023/static/output/22
-GIM-M7-lec_files/figure-beamer/basicmodels-1.pdf>
Package pdftex.def Info: D:/R-Projects/teaching/ACTL30007/ACTL30007-ACTL90020-2
023/static/output/22-GIM-M7-lec_files/figure-beamer/basicmodels-1.pdf  used on 
input line 13.
(pdftex.def)             Requested size: 273.83046pt x 159.73442pt.
)
Overfull \vbox (42.39166pt too high) detected at line 440
 []

[27

 <d:/R-Projects/teaching/ACTL30007/ACTL30007-ACTL90020-2023/static/output/22-GI
M-M7-lec_files/figure-beamer/basicmodels-1.pdf>] (./22-GIM-M7-lec.toc) [28

]
\openout4 = `22-GIM-M7-lec.vrb'.

(./22-GIM-M7-lec.vrb) [29

] (./22-GIM-M7-lec.toc) [30

]
\openout4 = `22-GIM-M7-lec.vrb'.

(./22-GIM-M7-lec.vrb) [31

] (./22-GIM-M7-lec.toc) [32

]
\openout4 = `22-GIM-M7-lec.vrb'.

(./22-GIM-M7-lec.vrb) [33

]
<D:/R-Projects/teaching/ACTL30007/ACTL30007-ACTL90020-2023/static/output/22-GIM
-M7-lec_files/figure-beamer/autoregressionexamples-1.pdf, id=607, 1011.78pt x 7
94.97pt>
File: D:/R-Projects/teaching/ACTL30007/ACTL30007-ACTL90020-2023/static/output/2
2-GIM-M7-lec_files/figure-beamer/autoregressionexamples-1.pdf Graphic file (typ
e pdf)
<use D:/R-Projects/teaching/ACTL30007/ACTL30007-ACTL90020-2023/static/output/22
-GIM-M7-lec_files/figure-beamer/autoregressionexamples-1.pdf>
Package pdftex.def Info: D:/R-Projects/teaching/ACTL30007/ACTL30007-ACTL90020-2
023/static/output/22-GIM-M7-lec_files/figure-beamer/autoregressionexamples-1.pd
f  used on input line 527.
(pdftex.def)             Requested size: 328.46951pt x 258.08319pt.

Overfull \vbox (6.69344pt too high) detected at line 527
 []

[34

 <d:/R-Projects/teaching/ACTL30007/ACTL30007-ACTL90020-2023/static/output/22-GI
M-M7-lec_files/figure-beamer/autoregressionexamples-1.pdf>] (./22-GIM-M7-lec.to
c) [35

] [36

]
<D:/R-Projects/teaching/ACTL30007/ACTL30007-ACTL90020-2023/static/output/22-GIM
-M7-lec_files/figure-beamer/unnamed-chunk-10-1.pdf, id=643, 1011.78pt x 505.89p
t>
File: D:/R-Projects/teaching/ACTL30007/ACTL30007-ACTL90020-2023/static/output/2
2-GIM-M7-lec_files/figure-beamer/unnamed-chunk-10-1.pdf Graphic file (type pdf)

<use D:/R-Projects/teaching/ACTL30007/ACTL30007-ACTL90020-2023/static/output/22
-GIM-M7-lec_files/figure-beamer/unnamed-chunk-10-1.pdf>
Package pdftex.def Info: D:/R-Projects/teaching/ACTL30007/ACTL30007-ACTL90020-2
023/static/output/22-GIM-M7-lec_files/figure-beamer/unnamed-chunk-10-1.pdf  use
d on input line 557.
(pdftex.def)             Requested size: 342.30241pt x 171.1512pt.
LaTeX Font Info:    External font `lmex10' loaded for size
(Font)              <14.4> on input line 557.
LaTeX Font Info:    External font `lmex10' loaded for size
(Font)              <10> on input line 557.
LaTeX Font Info:    External font `lmex10' loaded for size
(Font)              <7> on input line 557.
LaTeX Font Info:    Font shape `T1/lmss/m/it' in size <14.4> not available
(Font)              Font shape `T1/lmss/m/sl' tried instead on input line 557.
LaTeX Font Info:    Font shape `T1/lmss/m/it' in size <10> not available
(Font)              Font shape `T1/lmss/m/sl' tried instead on input line 557.
LaTeX Font Info:    Font shape `T1/lmss/m/it' in size <7> not available
(Font)              Font shape `T1/lmss/m/sl' tried instead on input line 557.
[37

 <d:/R-Projects/teaching/ACTL30007/ACTL30007-ACTL90020-2023/static/output/22-GI
M-M7-lec_files/figure-beamer/unnamed-chunk-10-1.pdf>]
\openout4 = `22-GIM-M7-lec.vrb'.

(./22-GIM-M7-lec.vrb
LaTeX Font Info:    Trying to load font information for TS1+lmtt on input line 
8.
(c:/Users/yunwa/AppData/Roaming/TinyTeX/texmf-dist/tex/latex/lm/ts1lmtt.fd
File: ts1lmtt.fd 2015/05/01 v1.6.1 Font defs for Latin Modern
)) [38

] (./22-GIM-M7-lec.toc) [39

] (./22-GIM-M7-lec.toc) [40

] [41

] (./22-GIM-M7-lec.toc) [42

] [43

] (./22-GIM-M7-lec.toc) [44

] [45

] (./22-GIM-M7-lec.toc) [46

] [47

] [48

] [49

] [50

] [51

] (./22-GIM-M7-lec.toc) [52

] [53

] (./22-GIM-M7-lec.toc) [54

] (./22-GIM-M7-lec.toc) [55

] [56

] (./22-GIM-M7-lec.toc) [57

] [58

] (./22-GIM-M7-lec.toc) [59

] [60

] [61

] (./22-GIM-M7-lec.toc) [62

] [63

] [64

] [65

] (./22-GIM-M7-lec.toc) [66

] [67

] (./22-GIM-M7-lec.toc) [68

] [69

] [70

] (./22-GIM-M7-lec.toc) [71

] [72

] [73

]
\openout4 = `22-GIM-M7-lec.vrb'.

(./22-GIM-M7-lec.vrb
<D:/R-Projects/teaching/ACTL30007/ACTL30007-ACTL90020-2023/static/output/22-GIM
-M7-lec_files/figure-beamer/unnamed-chunk-12-1.pdf, id=1029, 1011.78pt x 505.89
pt>
File: D:/R-Projects/teaching/ACTL30007/ACTL30007-ACTL90020-2023/static/output/2
2-GIM-M7-lec_files/figure-beamer/unnamed-chunk-12-1.pdf Graphic file (type pdf)

<use D:/R-Projects/teaching/ACTL30007/ACTL30007-ACTL90020-2023/static/output/22
-GIM-M7-lec_files/figure-beamer/unnamed-chunk-12-1.pdf>
Package pdftex.def Info: D:/R-Projects/teaching/ACTL30007/ACTL30007-ACTL90020-2
023/static/output/22-GIM-M7-lec_files/figure-beamer/unnamed-chunk-12-1.pdf  use
d on input line 7.
(pdftex.def)             Requested size: 342.30241pt x 171.1512pt.
)
Overfull \vbox (37.89905pt too high) detected at line 1003
 []

[74

 <d:/R-Projects/teaching/ACTL30007/ACTL30007-ACTL90020-2023/static/output/22-GI
M-M7-lec_files/figure-beamer/unnamed-chunk-12-1.pdf>] (./22-GIM-M7-lec.toc) [75

] [76

] [77

] (./22-GIM-M7-lec.toc) [78

] (./22-GIM-M7-lec.toc) [79

] [80

] (./22-GIM-M7-lec.toc) [81

] [82

] (./22-GIM-M7-lec.toc) [83

] [84

] (./22-GIM-M7-lec.toc) [85

] [86

] (./22-GIM-M7-lec.toc) [87

]
\openout4 = `22-GIM-M7-lec.vrb'.

(./22-GIM-M7-lec.vrb) [88

]
\openout4 = `22-GIM-M7-lec.vrb'.

(./22-GIM-M7-lec.vrb
<D:/R-Projects/teaching/ACTL30007/ACTL30007-ACTL90020-2023/static/output/22-GIM
-M7-lec_files/figure-beamer/unnamed-chunk-14-1.pdf, id=1199, 1011.78pt x 397.48
5pt>
File: D:/R-Projects/teaching/ACTL30007/ACTL30007-ACTL90020-2023/static/output/2
2-GIM-M7-lec_files/figure-beamer/unnamed-chunk-14-1.pdf Graphic file (type pdf)

<use D:/R-Projects/teaching/ACTL30007/ACTL30007-ACTL90020-2023/static/output/22
-GIM-M7-lec_files/figure-beamer/unnamed-chunk-14-1.pdf>
Package pdftex.def Info: D:/R-Projects/teaching/ACTL30007/ACTL30007-ACTL90020-2
023/static/output/22-GIM-M7-lec_files/figure-beamer/unnamed-chunk-14-1.pdf  use
d on input line 9.
(pdftex.def)             Requested size: 342.30241pt x 134.47594pt.
)
Overfull \vbox (20.09987pt too high) detected at line 1180
 []

[89

 <d:/R-Projects/teaching/ACTL30007/ACTL30007-ACTL90020-2023/static/output/22-GI
M-M7-lec_files/figure-beamer/unnamed-chunk-14-1.pdf>]
\openout4 = `22-GIM-M7-lec.vrb'.

(./22-GIM-M7-lec.vrb
<D:/R-Projects/teaching/ACTL30007/ACTL30007-ACTL90020-2023/static/output/22-GIM
-M7-lec_files/figure-beamer/unnamed-chunk-16-1.pdf, id=1214, 1011.78pt x 505.89
pt>
File: D:/R-Projects/teaching/ACTL30007/ACTL30007-ACTL90020-2023/static/output/2
2-GIM-M7-lec_files/figure-beamer/unnamed-chunk-16-1.pdf Graphic file (type pdf)

<use D:/R-Projects/teaching/ACTL30007/ACTL30007-ACTL90020-2023/static/output/22
-GIM-M7-lec_files/figure-beamer/unnamed-chunk-16-1.pdf>
Package pdftex.def Info: D:/R-Projects/teaching/ACTL30007/ACTL30007-ACTL90020-2
023/static/output/22-GIM-M7-lec_files/figure-beamer/unnamed-chunk-16-1.pdf  use
d on input line 10.
(pdftex.def)             Requested size: 342.30241pt x 171.1512pt.
)
Overfull \vbox (44.73654pt too high) detected at line 1196
 []

[90

 <d:/R-Projects/teaching/ACTL30007/ACTL30007-ACTL90020-2023/static/output/22-GI
M-M7-lec_files/figure-beamer/unnamed-chunk-16-1.pdf>] (./22-GIM-M7-lec.toc) [91

] [92

] (./22-GIM-M7-lec.toc) [93

] [94

]
\openout4 = `22-GIM-M7-lec.vrb'.

(./22-GIM-M7-lec.vrb
<D:/R-Projects/teaching/ACTL30007/ACTL30007-ACTL90020-2023/static/output/22-GIM
-M7-lec_files/figure-beamer/unnamed-chunk-17-1.pdf, id=1272, 1011.78pt x 433.62
pt>
File: D:/R-Projects/teaching/ACTL30007/ACTL30007-ACTL90020-2023/static/output/2
2-GIM-M7-lec_files/figure-beamer/unnamed-chunk-17-1.pdf Graphic file (type pdf)

<use D:/R-Projects/teaching/ACTL30007/ACTL30007-ACTL90020-2023/static/output/22
-GIM-M7-lec_files/figure-beamer/unnamed-chunk-17-1.pdf>
Package pdftex.def Info: D:/R-Projects/teaching/ACTL30007/ACTL30007-ACTL90020-2
023/static/output/22-GIM-M7-lec_files/figure-beamer/unnamed-chunk-17-1.pdf  use
d on input line 11.
(pdftex.def)             Requested size: 342.30241pt x 146.70103pt.
)
Overfull \vbox (37.09576pt too high) detected at line 1262
 []

[95

 <d:/R-Projects/teaching/ACTL30007/ACTL30007-ACTL90020-2023/static/output/22-GI
M-M7-lec_files/figure-beamer/unnamed-chunk-17-1.pdf>] [96

]
\openout4 = `22-GIM-M7-lec.vrb'.

(./22-GIM-M7-lec.vrb
<D:/R-Projects/teaching/ACTL30007/ACTL30007-ACTL90020-2023/static/output/22-GIM
-M7-lec_files/figure-beamer/unnamed-chunk-18-1.pdf, id=1295, 722.7pt x 216.81pt
>
File: D:/R-Projects/teaching/ACTL30007/ACTL30007-ACTL90020-2023/static/output/2
2-GIM-M7-lec_files/figure-beamer/unnamed-chunk-18-1.pdf Graphic file (type pdf)

<use D:/R-Projects/teaching/ACTL30007/ACTL30007-ACTL90020-2023/static/output/22
-GIM-M7-lec_files/figure-beamer/unnamed-chunk-18-1.pdf>
Package pdftex.def Info: D:/R-Projects/teaching/ACTL30007/ACTL30007-ACTL90020-2
023/static/output/22-GIM-M7-lec_files/figure-beamer/unnamed-chunk-18-1.pdf  use
d on input line 19.
(pdftex.def)             Requested size: 342.29358pt x 102.68806pt.
) [97

 <d:/R-Projects/teaching/ACTL30007/ACTL30007-ACTL90020-2023/static/output/22-GI
M-M7-lec_files/figure-beamer/unnamed-chunk-18-1.pdf>]
\openout4 = `22-GIM-M7-lec.vrb'.

(./22-GIM-M7-lec.vrb
<D:/R-Projects/teaching/ACTL30007/ACTL30007-ACTL90020-2023/static/output/22-GIM
-M7-lec_files/figure-beamer/unnamed-chunk-19-1.pdf, id=1309, 722.7pt x 433.62pt
>
File: D:/R-Projects/teaching/ACTL30007/ACTL30007-ACTL90020-2023/static/output/2
2-GIM-M7-lec_files/figure-beamer/unnamed-chunk-19-1.pdf Graphic file (type pdf)

<use D:/R-Projects/teaching/ACTL30007/ACTL30007-ACTL90020-2023/static/output/22
-GIM-M7-lec_files/figure-beamer/unnamed-chunk-19-1.pdf>
Package pdftex.def Info: D:/R-Projects/teaching/ACTL30007/ACTL30007-ACTL90020-2
023/static/output/22-GIM-M7-lec_files/figure-beamer/unnamed-chunk-19-1.pdf  use
d on input line 16.
(pdftex.def)             Requested size: 342.29358pt x 205.37614pt.
)
Overfull \vbox (80.85313pt too high) detected at line 1340
 []

[98

 <d:/R-Projects/teaching/ACTL30007/ACTL30007-ACTL90020-2023/static/output/22-GI
M-M7-lec_files/figure-beamer/unnamed-chunk-19-1.pdf>]
\openout4 = `22-GIM-M7-lec.vrb'.

(./22-GIM-M7-lec.vrb
<D:/R-Projects/teaching/ACTL30007/ACTL30007-ACTL90020-2023/static/output/22-GIM
-M7-lec_files/figure-beamer/unnamed-chunk-20-1.pdf, id=1323, 722.7pt x 208.78pt
>
File: D:/R-Projects/teaching/ACTL30007/ACTL30007-ACTL90020-2023/static/output/2
2-GIM-M7-lec_files/figure-beamer/unnamed-chunk-20-1.pdf Graphic file (type pdf)

<use D:/R-Projects/teaching/ACTL30007/ACTL30007-ACTL90020-2023/static/output/22
-GIM-M7-lec_files/figure-beamer/unnamed-chunk-20-1.pdf>
Package pdftex.def Info: D:/R-Projects/teaching/ACTL30007/ACTL30007-ACTL90020-2
023/static/output/22-GIM-M7-lec_files/figure-beamer/unnamed-chunk-20-1.pdf  use
d on input line 20.
(pdftex.def)             Requested size: 342.29358pt x 98.8848pt.
)
Overfull \vbox (18.6618pt too high) detected at line 1369
 []

[99

 <d:/R-Projects/teaching/ACTL30007/ACTL30007-ACTL90020-2023/static/output/22-GI
M-M7-lec_files/figure-beamer/unnamed-chunk-20-1.pdf>] [100

]
\tf@nav=\write7
\openout7 = `22-GIM-M7-lec.nav'.

\tf@toc=\write8
\openout8 = `22-GIM-M7-lec.toc'.

\tf@snm=\write9
\openout9 = `22-GIM-M7-lec.snm'.

(./22-GIM-M7-lec.aux)
Package rerunfilecheck Info: File `22-GIM-M7-lec.out' has not changed.
(rerunfilecheck)             Checksum: 0ED7F1E4CFC8C3176962883404C20C78;8244.
 ) 
Here is how much of TeX's memory you used:
 26415 strings out of 480238
 523248 string characters out of 5894271
 769504 words of memory out of 5000000
 43238 multiletter control sequences out of 15000+600000
 564255 words of font info for 181 fonts, out of 8000000 for 9000
 14 hyphenation exceptions out of 8191
 99i,15n,104p,1082b,687s stack positions out of 5000i,500n,10000p,200000b,80000s
{c:/Users/yunwa/AppData/Roaming/TinyTeX/texmf-dist/fonts/enc/dvips/lm/lm-math
it.enc}{c:/Users/yunwa/AppData/Roaming/TinyTeX/texmf-dist/fonts/enc/dvips/lm/lm
-ts1.enc}{c:/Users/yunwa/AppData/Roaming/TinyTeX/texmf-dist/fonts/enc/dvips/lm/
lm-rm.enc}{c:/Users/yunwa/AppData/Roaming/TinyTeX/texmf-dist/fonts/enc/dvips/lm
/lm-mathex.enc}{c:/Users/yunwa/AppData/Roaming/TinyTeX/texmf-dist/fonts/enc/dvi
ps/lm/lm-ec.enc}{c:/Users/yunwa/AppData/Roaming/TinyTeX/texmf-dist/fonts/enc/dv
ips/lm/lm-mathsy.enc}<c:/Users/yunwa/AppData/Roaming/TinyTeX/texmf-dist/fonts/t
ype1/public/lm/lmex10.pfb><c:/Users/yunwa/AppData/Roaming/TinyTeX/texmf-dist/fo
nts/type1/public/lm/lmmi10.pfb><c:/Users/yunwa/AppData/Roaming/TinyTeX/texmf-di
st/fonts/type1/public/lm/lmmi12.pfb><c:/Users/yunwa/AppData/Roaming/TinyTeX/tex
mf-dist/fonts/type1/public/lm/lmmi8.pfb><c:/Users/yunwa/AppData/Roaming/TinyTeX
/texmf-dist/fonts/type1/public/lm/lmss10.pfb><c:/Users/yunwa/AppData/Roaming/Ti
nyTeX/texmf-dist/fonts/type1/public/lm/lmss12.pfb><c:/Users/yunwa/AppData/Roami
ng/TinyTeX/texmf-dist/fonts/type1/public/lm/lmss8.pfb><c:/Users/yunwa/AppData/R
oaming/TinyTeX/texmf-dist/fonts/type1/public/lm/lmss9.pfb><c:/Users/yunwa/AppDa
ta/Roaming/TinyTeX/texmf-dist/fonts/type1/public/lm/lmssbo10.pfb><c:/Users/yunw
a/AppData/Roaming/TinyTeX/texmf-dist/fonts/type1/public/lm/lmssbx10.pfb><c:/Use
rs/yunwa/AppData/Roaming/TinyTeX/texmf-dist/fonts/type1/public/lm/lmsso10.pfb><
c:/Users/yunwa/AppData/Roaming/TinyTeX/texmf-dist/fonts/type1/public/lm/lmsso8.
pfb><c:/Users/yunwa/AppData/Roaming/TinyTeX/texmf-dist/fonts/type1/public/lm/lm
sy10.pfb><c:/Users/yunwa/AppData/Roaming/TinyTeX/texmf-dist/fonts/type1/public/
lm/lmsy8.pfb><c:/Users/yunwa/AppData/Roaming/TinyTeX/texmf-dist/fonts/type1/pub
lic/lm/lmsy9.pfb><c:/Users/yunwa/AppData/Roaming/TinyTeX/texmf-dist/fonts/type1
/public/lm/lmtt10.pfb><c:/Users/yunwa/AppData/Roaming/TinyTeX/texmf-dist/fonts/
type1/public/lm/lmtti10.pfb><c:/Users/yunwa/AppData/Roaming/TinyTeX/texmf-dist/
fonts/type1/public/amsfonts/symbols/msbm10.pfb>
Output written on 22-GIM-M7-lec.pdf (100 pages, 689120 bytes).
PDF statistics:
 1493 PDF objects out of 1728 (max. 8388607)
 1293 compressed objects within 13 object streams
 252 named destinations out of 1000 (max. 500000)
 55789 words of extra memory for PDF output out of 61914 (max. 10000000)

